[Message:   BepInEx] BepInEx 5.4.22.0 - EscapeFromTarkov (2025/03/29 0:14:10)
[Info   :   BepInEx] Running under Unity v0.16.1.3539
[Info   :   BepInEx] CLR runtime version: 4.0.30319.42000
[Info   :   BepInEx] Supports SRE: True
[Info   :   BepInEx] System platform: Bits64, Windows
[Message:   BepInEx] Preloader started
[Info   :   BepInEx] Loaded 1 patcher method from [BepInEx.Preloader 5.4.22.0]
[Info   :   BepInEx] Loaded 1 patcher method from [spt-prepatch 3.11.1.0]
[Info   :   BepInEx] 2 patcher plugins loaded
[Info   :   BepInEx] Patching [UnityEngine.CoreModule] with [BepInEx.Chainloader]
[Info   :   BepInEx] Patching [Assembly-CSharp] with [SPT.PrePatch.SPTPrePatcher]
[Message:   BepInEx] Preloader finished
[Message:   BepInEx] Chainloader ready
[Message:   BepInEx] Chainloader started
[Info   :   BepInEx] 10 plugins to load
[Info   :   BepInEx] Loading [Configuration Manager 18.0.1]
[Info   :   BepInEx] Loading [SPT.Custom 3.11.1]
[Info   :SPT.Custom] Loading: SPT.Custom
[Info   :ModulePatch] Enabled patch EasyAssetsPatch
[Info   :ModulePatch] Enabled patch EasyBundlePatch
[Info   :ModulePatch] Enabled patch DisableNonHalloweenExitsDuringEventPatch
[Info   :ModulePatch] Enabled patch SendFleaListingTaxAmountToServerPatch
[Info   :ModulePatch] Enabled patch AddTraitorScavsPatch
[Info   :RequestHandler] [REQUEST]: /singleplayer/bosstypes
[Info   :RequestHandler] [REQUEST SUCCESSFUL] /singleplayer/bosstypes
[Info   :ModulePatch] Enabled patch CustomAiPatch
[Info   :ModulePatch] Enabled patch SaveSettingsToSptFolderPatch
[Info   :ModulePatch] Enabled patch PatchPlayerPrefsSetInt
[Info   :ModulePatch] Enabled patch PatchPlayerPrefsSetFloat
[Info   :ModulePatch] Enabled patch PatchPlayerPrefsSetString
[Info   :ModulePatch] Enabled patch PatchPlayerPrefsGetInt
[Info   :ModulePatch] Enabled patch PatchPlayerPrefsGetFloat
[Info   :ModulePatch] Enabled patch PatchPlayerPrefsGetString
[Info   :ModulePatch] Enabled patch PatchPlayerPrefsHasKey
[Info   :ModulePatch] Enabled patch PatchPlayerPrefsDeleteKey
[Info   :ModulePatch] Enabled patch PatchPlayerPrefsDeleteAll
[Info   :ModulePatch] Enabled patch PatchPlayerPrefsSave
[Info   :ModulePatch] Enabled patch QTEPatch
[Info   :ModulePatch] Enabled patch RedirectClientImageRequestsPatch
[Info   :ModulePatch] Enabled patch DisableGameModeAdjustButtonPatch
[Info   :ModulePatch] Enabled patch FixPmcSpawnParamsNullErrorPatch
[Info   :ModulePatch] Enabled patch SetPreRaidSettingsScreenDefaultsPatch
[Info   :ModulePatch] Enabled patch CoreDifficultyPatch
[Info   :ModulePatch] Enabled patch BotDifficultyPatch
[Info   :ModulePatch] Enabled patch VersionLabelPatch
[Info   :ModulePatch] Enabled patch FixScavWarNullErrorWithMarkOfUnknownPatch
[Info   :ModulePatch] Enabled patch MergeScavPmcQuestsOnInventoryLoadPatch
[Info   :ModulePatch] Enabled patch CopyPmcQuestsAndWishlistToPlayerScavPatch
[Info   :ModulePatch] Enabled patch FixBossesHavingNoFollowersOnMediumAiAmount
[Info   :ModulePatch] Enabled patch FixAirdropCrashPatch
[Info   :ModulePatch] Enabled patch FixAirdropFlareDisposePatch
[Info   :ModulePatch] Enabled patch AllowAirdropsInPvEPatch
[Info   :ModulePatch] Enabled patch MemoryCollectionPatch
[Info   :ModulePatch] Enabled patch EnablePrestigeTabPatch
[Info   :ModulePatch] Enabled patch MatchStartServerLocationPatch
[Info   :SPT.Custom] Completed: SPT.Custom
[Info   :   BepInEx] Loading [SPT.Singleplayer 3.11.1]
[Info   :SPT.Singleplayer] Loading: SPT.SinglePlayer
[Info   :ModulePatch] Enabled patch TinnitusFixPatch
[Info   :ModulePatch] Enabled patch EmptyInfilFixPatch
[Info   :ModulePatch] Enabled patch OverrideMaxAiAliveInRaidValuePatch
[Info   :ModulePatch] Enabled patch FixPostScavRaidXpShowingZeroPatch
[Info   :ModulePatch] Enabled patch DisablePMCExtractsForScavsPatch
[Info   :ModulePatch] Enabled patch ScavExfilPatch
[Info   :ModulePatch] Enabled patch ScavProfileLoadPatch
[Info   :ModulePatch] Enabled patch ScavPrefabLoadPatch
[Info   :ModulePatch] Enabled patch DisableReadyLocationReadyPatch
[Info   :ModulePatch] Enabled patch LoadOfflineRaidScreenPatch
[Info   :ModulePatch] Enabled patch AmmoUsedCounterPatch
[Info   :ModulePatch] Enabled patch PluginErrorNotifierPatch
[Info   :ModulePatch] Enabled patch MapReadyButtonPatch
[Info   :ModulePatch] Enabled patch RemoveUsedBotProfilePatch
[Info   :ModulePatch] Enabled patch ScavLateStartPatch
[Info   :ModulePatch] Enabled patch ScavSellAllPriceStorePatch
[Info   :ModulePatch] Enabled patch ScavSellAllRequestPatch
[Info   :ModulePatch] Enabled patch ScavRepAdjustmentPatch
[Info   :ModulePatch] Enabled patch DisableWelcomeToPVEModeMessagePatch
[Info   :ModulePatch] Enabled patch DisableMatchmakerPlayerPreviewButtonsPatch
[Info   :ModulePatch] Enabled patch EnableRefForPVEPatch
[Info   :ModulePatch] Enabled patch EnableRefIntermScreenPatch
[Info   :ModulePatch] Enabled patch EnablePlayerScavPatch
[Info   :ModulePatch] Enabled patch ScavFoundInRaidPatch
[Info   :ModulePatch] Enabled patch GetProfileAtEndOfRaidPatch
[Info   :ModulePatch] Enabled patch SendPlayerScavProfileToServerAfterRaidPatch
[Info   :ModulePatch] Enabled patch RemoveStashUpgradeLabelPatch
[Info   :ModulePatch] Enabled patch RemoveClothingItemExternalObtainLabelPatch
[Info   :ModulePatch] Enabled patch ForceRaidModeToLocalPatch
[Info   :ModulePatch] Enabled patch ScavIsPlayerEnemyPatch
[Info   :ModulePatch] Enabled patch FirearmControllerShowIncompatibleNotificationClass
[Info   :ModulePatch] Enabled patch FixKeyAlreadyExistsErrorOnAchievementPatch
[Info   :ModulePatch] Enabled patch ScavPrestigeFixPatch
[Info   :ModulePatch] Enabled patch DisableDevMaskCheckPatch
[Info   :ModulePatch] Enabled patch RemoveStopwatchAllocationsEveryBotFramePatch
[Info   :ModulePatch] Enabled patch RemoveStopwatchAllocationsEveryCoverPointFramePatch
[Info   :ModulePatch] Enabled patch DisableUseBSGServersCheckbox
[Info   :ModulePatch] Enabled patch PmcBotSidePatch
[Info   :ModulePatch] Enabled patch QuestAchievementRewardInRaidPatch
[Info   :ModulePatch] Enabled patch FixUnityWarningSpamFromAirdropsPatch
[Info   :SPT.Singleplayer] Completed: SPT.SinglePlayer
[Info   :   BepInEx] Loading [SPT.Core 3.11.1]
[Info   :  SPT.Core] Loading: SPT.Core
[Info   :ModulePatch] Enabled patch ConsistencySinglePatch
[Info   :ModulePatch] Enabled patch ConsistencyMultiPatch
[Info   :ModulePatch] Enabled patch GameValidationPatch
[Info   :ModulePatch] Enabled patch BattlEyePatch
[Info   :ModulePatch] Enabled patch SslCertificatePatch
[Info   :ModulePatch] Enabled patch UnityWebRequestPatch
[Info   :ModulePatch] Enabled patch WebSocketSslValidationPatch
[Info   :  SPT.Core] Completed: SPT.Core
[Info   :   BepInEx] Loading [SPT.Debugging 3.11.1]
[Info   :SPT.Debugging] Loading: SPT.Debugging
[Info   :ModulePatch] Enabled patch EndRaidDebug
[Info   :ModulePatch] Enabled patch LoggerClassLogPatch
[Info   :ModulePatch] Enabled patch ReloadClientPatch
[Info   :ModulePatch] Enabled patch EnableDebugCommandsPatch
[Info   :SPT.Debugging] Completed: SPT.Debugging
[Info   :   BepInEx] Loading [Fika.Core 1.2.3]
[Info   : Fika.Core] Received NatPunchServer config from server:
[Info   : Fika.Core] Enable: False
[Info   : Fika.Core] Port: 6790
[Info   : Fika.Core] NatIntroduceAmount: 1
[Info   :ModulePatch] Enabled patch FikaVersionLabel_Patch
[Info   :ModulePatch] Enabled patch TarkovApplication_method_18_Patch
[Info   :ModulePatch] Enabled patch DisableReadyButton_Patch
[Info   :ModulePatch] Enabled patch DisableInsuranceReadyButton_Patch
[Info   :ModulePatch] Enabled patch DisableMatchSettingsReadyButton_Patch
[Info   :ModulePatch] Enabled patch TarkovApplication_LocalGamePreparer_Patch
[Info   :ModulePatch] Enabled patch TarkovApplication_LocalGameCreator_Patch
[Info   :ModulePatch] Enabled patch DeathFade_Patch
[Info   :ModulePatch] Enabled patch NonWaveSpawnScenario_Patch
[Info   :ModulePatch] Enabled patch WaveSpawnScenario_Patch
[Info   :ModulePatch] Enabled patch MatchmakerAcceptScreen_Awake_Patch
[Info   :ModulePatch] Enabled patch MatchmakerAcceptScreen_Show_Patch
[Info   :ModulePatch] Enabled patch Minefield_method_2_Patch
[Info   :ModulePatch] Enabled patch MineDirectional_OnTriggerEnter_Patch
[Info   :ModulePatch] Enabled patch BotCacher_Patch
[Info   :ModulePatch] Enabled patch AbstractGame_InRaid_Patch
[Info   :ModulePatch] Enabled patch DisconnectButton_Patch
[Info   :ModulePatch] Enabled patch ChangeGameModeButton_Patch
[Info   :ModulePatch] Enabled patch MenuTaskBar_Patch
[Info   :ModulePatch] Enabled patch GameWorld_Create_Patch
[Info   :ModulePatch] Enabled patch BTRControllerClass_Init_Patch
[Info   :ModulePatch] Enabled patch BTRView_SyncViewFromServer_Patch
[Info   :ModulePatch] Enabled patch BTRView_GoIn_Patch
[Info   :ModulePatch] Enabled patch BTRView_GoOut_Patch
[Info   :ModulePatch] Enabled patch BTRVehicle_method_38_Patch
[Info   :ModulePatch] Enabled patch Player_Hide_Patch
[Info   :ModulePatch] Enabled patch Player_UpdateBtrTraderServiceData_Patch
[Info   :ModulePatch] Enabled patch BTRSide_AddPassenger_Patch
[Info   :ModulePatch] Enabled patch BTRSide_RemovePassenger_Patch
[Info   :ModulePatch] Enabled patch BTRSide_method_9_Patch
[Info   :ModulePatch] Enabled patch GClass2461_UpdateOfflineClientLogic_Patch
[Info   :ModulePatch] Enabled patch GClass2462_UpdateOfflineClientLogic_Patch
[Info   :ModulePatch] Enabled patch SyncObjectProcessorClass_GetSyncObjectStrategyByType_Patch
[Info   :ModulePatch] Enabled patch LighthouseTraderZone_AddPlayer_Patch
[Info   :ModulePatch] Enabled patch LighthouseTraderZone_RemovePlayer_Patch
[Info   :ModulePatch] Enabled patch LighthouseTraderZone_Awake_Patch
[Info   :ModulePatch] Enabled patch GClass436_Activate_Patch
[Info   :ModulePatch] Enabled patch BufferZoneControllerClass_method_1_Patch
[Info   :ModulePatch] Enabled patch BufferZoneControllerClass_SetPlayerInZoneStatus_Patch
[Info   :ModulePatch] Enabled patch BufferInnerZone_ChangeZoneInteractionAvailability_Patch
[Info   :ModulePatch] Enabled patch BufferInnerZone_ChangePlayerAccessStatus_Patch
[Info   :ModulePatch] Enabled patch TripwireSynchronizableObject_method_6_Patch
[Info   :ModulePatch] Enabled patch TripwireSynchronizableObject_method_11_Patch
[Info   :ModulePatch] Enabled patch BaseLocalGame_method_13_Patch
[Info   :ModulePatch] Enabled patch Player_OnDead_Patch
[Info   :ModulePatch] Enabled patch Player_ManageAggressor_Patch
[Info   :ModulePatch] Enabled patch Player_SetDogtagInfo_Patch
[Info   :ModulePatch] Enabled patch WeaponManagerClass_ValidateScopeSmoothZoomUpdate_Patch
[Info   :ModulePatch] Enabled patch WeaponManagerClass_method_12_Patch
[Info   :ModulePatch] Enabled patch OpticRetrice_UpdateTransform_Patch
[Info   :ModulePatch] Enabled patch MatchmakerOfflineRaidScreen_Close_Patch
[Info   :ModulePatch] Enabled patch BodyPartCollider_SetUpPlayer_Patch
[Info   :ModulePatch] Enabled patch MatchmakerOfflineRaidScreen_Show_Patch
[Info   :ModulePatch] Enabled patch RaidSettingsWindow_method_8_Patch
[Info   :ModulePatch] Enabled patch AIPlaceLogicPartisan_Dispose_Patch
[Info   :ModulePatch] Enabled patch Player_SpawnInHands_Patch
[Info   :ModulePatch] Enabled patch GClass622_method_0_Patch
[Info   :ModulePatch] Enabled patch GClass622_method_28_Patch
[Info   :ModulePatch] Enabled patch GClass1395_Constructor_Patch
[Info   :ModulePatch] Enabled patch AchievementsScreen_Show_Patch
[Info   :ModulePatch] Enabled patch AchievementView_Show_Patch
[Info   :ModulePatch] Enabled patch GClass3371_ExceptAI_Patch
[Info   :ModulePatch] Enabled patch GClass1675_method_9_Patch
[Info   :ModulePatch] Enabled patch GrenadeClass_Init_Patch
[Info   :ModulePatch] Enabled patch SessionResultExitStatus_Show_Patch
[Info   :ModulePatch] Enabled patch PlayUISound_Patch
[Info   :ModulePatch] Enabled patch PlayEndGameSound_Patch
[Info   :ModulePatch] Enabled patch MenuScreen_Awake_Patch
[Info   :ModulePatch] Enabled patch GClass3581_ShowAction_Patch
[Info   :ModulePatch] Enabled patch MenuScreen_method_9_Patch
[Info   :ModulePatch] Enabled patch HideoutPlayerOwner_SetPointOfView_Patch
[Info   :ModulePatch] Enabled patch RagfairScreen_Show_Patch
[Info   :ModulePatch] Enabled patch MatchmakerPlayerControllerClass_GetCoopBlockReason_Patch
[Info   :ModulePatch] Enabled patch CoopSettingsWindow_Show_Patch
[Info   :ModulePatch] Enabled patch MainMenuControllerClass_method_52_Patch
[Info   :ModulePatch] Enabled patch GameWorld_ThrowItem_Patch
[Info   :ModulePatch] Enabled patch RaidSettingsWindow_Show_Patch
[Info   :ModulePatch] Enabled patch TransitControllerAbstractClass_Exist_Patch
[Info   :ModulePatch] Enabled patch BotReload_method_1_Patch
[Info   :ModulePatch] Enabled patch Class1391_ReloadBackendLocale_Patch
[Info   :ModulePatch] Enabled patch GClass2054_method_0_Patch
[Info   :ModulePatch] Enabled patch PartyInfoPanel_Show_Patch
[Info   :ModulePatch] Enabled patch PlayerCameraController_LateUpdate_Transpiler
[Info   :ModulePatch] Enabled patch DissonanceComms_Start_Patch
[Info   :ModulePatch] Enabled patch Player_IDissonancePlayerType_Patch
[Info   :ModulePatch] Enabled patch BasicMicrophoneCapture_UpdateSubscribers_Transpiler
[Info   :ModulePatch] Enabled patch Player_HasMarkOfUnknown_Patch
[Info   :ModulePatch] Disabled patch VersionLabelPatch
[Info   :ModulePatch] Disabled patch AmmoUsedCounterPatch
[Info   :ModulePatch] Disabled patch ArmorDamageCounterPatch
[Info   :ModulePatch] Disabled patch ScavRepAdjustmentPatch
[Info   :ModulePatch] Disabled patch GetProfileAtEndOfRaidPatch
[Info   :ModulePatch] Disabled patch ScavExfilPatch
[Info   :ModulePatch] Disabled patch SendPlayerScavProfileToServerAfterRaidPatch
[Info   :ModulePatch] Disabled patch MatchStartServerLocationPatch
[Info   :ModulePatch] Disabled patch QuestAchievementRewardInRaidPatch
[Info   :ModulePatch] Enabled patch ScavProfileLoad_Override
[Info   :ModulePatch] Enabled patch OfflineRaidSettingsMenuPatch_Override
[Info   :ModulePatch] Enabled patch GetProfileAtEndOfRaidPatch_Override
[Info   :ModulePatch] Enabled patch FixSavageInventoryScreenPatch_Override
[Info   : Fika.Core] Received config from server:
[Info   : Fika.Core] Fika is loaded! Running version: 1.2.3.0
[Info   :RequestHandler] [REQUEST]: /singleplayer/settings/bot/difficulty/core/core
[Info   :RequestHandler] [REQUEST SUCCESSFUL] /singleplayer/settings/bot/difficulty/core/core
[Info   :ModulePatch] Enabled patch ItemContext_Patch
[Info   :   BepInEx] Loading [DynamicMaps 0.5.6]
[Warning:  HarmonyX] BattleUIScreenShowPatch: You should only patch implemented methods/constructors to avoid issues. Patch the declared method void EFT.UI.BattleUIScreen<EFT.UI.EftBattleUIScreen+GClass3575, EFT.UI.Screens.EEftScreenType>::Show(EFT.GamePlayerOwner owner) instead of void EFT.UI.BattleUIScreen<EFT.UI.EftBattleUIScreen+GClass3575, EFT.UI.Screens.EEftScreenType>::Show(EFT.GamePlayerOwner owner).
[Info   :ModulePatch] Enabled patch BattleUIScreenShowPatch
[Info   :ModulePatch] Enabled patch CommonUIAwakePatch
[Info   :ModulePatch] Enabled patch MapScreenShowPatch
[Info   :ModulePatch] Enabled patch MapScreenClosePatch
[Info   :ModulePatch] Enabled patch GameStartedPatch
[Info   :ModulePatch] Enabled patch GameWorldOnDestroyPatch
[Info   :ModulePatch] Enabled patch GameWorldUnregisterPlayerPatch
[Info   :ModulePatch] Enabled patch GameWorldRegisterLootItemPatch
[Info   :ModulePatch] Enabled patch GameWorldDestroyLootPatch
[Info   :ModulePatch] Enabled patch AirdropBoxOnBoxLandPatch
[Info   :ModulePatch] Enabled patch PlayerOnDeadPatch
[Info   :ModulePatch] Enabled patch PlayerInventoryThrowItemPatch
[Info   :ModulePatch] Enabled patch ShowViewButtonPatch
[Info   :   BepInEx] Loading [Terkoiz.Skipper 1.1.3]
[Info   :   BepInEx] Loading [DrakiaXYZ-BigBrain 1.3.2]
[Info   :DrakiaXYZ-BigBrain] Loading: DrakiaXYZ-BigBrain
[Info   :ModulePatch] Enabled patch BotBaseBrainActivatePatch
[Info   :ModulePatch] Enabled patch BotBrainCreateLogicNodePatch
[Info   :ModulePatch] Enabled patch BotBaseBrainUpdatePatch
[Info   :ModulePatch] Enabled patch BotAgentUpdatePatch
[Info   :ModulePatch] Enabled patch BotBaseBrainActivateLayerPatch
[Info   :ModulePatch] Enabled patch BotStandartBotBrainActivatePatch
[Info   :DrakiaXYZ-BigBrain] Completed: DrakiaXYZ-BigBrain
[Info   :   BepInEx] Loading [LootingBots 1.5.1]
[Info   :ModulePatch] Enabled patch CleanCacheOnRaidEnd
[Info   :ModulePatch] Enabled patch ClearCacheOnDeath
[Info   :ModulePatch] Enabled patch EnableWeaponSwitching
[Info   :ModulePatch] Enabled patch InteractPatch
[Info   :ModulePatch] Enabled patch InventoryClosePatch
[Info   :ModulePatch] Enabled patch RemoveComponent
[Message:   BepInEx] Chainloader startup complete
[Info   :RequestHandler] [REQUEST]: /singleplayer/settings/version
[Info   :RequestHandler] [REQUEST SUCCESSFUL] /singleplayer/settings/version
[Info   :RequestHandler] [REQUEST]: /singleplayer/release
[Info   :RequestHandler] [REQUEST SUCCESSFUL] /singleplayer/release
[Info   :RequestHandler] [REQUEST]: /singleplayer/moddedTraders
[Info   :RequestHandler] [REQUEST SUCCESSFUL] /singleplayer/moddedTraders
[Info   :RequestHandler] [REQUEST]: /singleplayer/enableBSGlogging
[Info   :RequestHandler] [REQUEST SUCCESSFUL] /singleplayer/enableBSGlogging
[Info   :ModulePatch] Enabled patch QuestObjectiveViewPatch
[Info   :RequestHandler] [REQUEST]: /singleplayer/bundles
[Info   :RequestHandler] [REQUEST SUCCESSFUL] /singleplayer/bundles
[Info   :RequestHandler] [REQUEST]: /singleplayer/settings/version
[Info   :RequestHandler] [REQUEST SUCCESSFUL] /singleplayer/settings/version
[Info   :ModulePatch] Server version: SPT 3.11.1 - bb6007
[Info   : Fika.Core] Waiting for locales to be ready...
[Info   :DynamicMaps] Trying to attach to MapScreen
[Info   :DynamicMaps] Trying to load MapDef from path: H:\SPT\BepInEx\plugins\DynamicMaps\Maps\Customs_TarkovDev\Customs_TarkovDev.jsonc
[Info   :DynamicMaps] Loaded MapDef with display name: Customs (TarkovDev)
[Info   :DynamicMaps] Trying to load MapDef from path: H:\SPT\BepInEx\plugins\DynamicMaps\Maps\Factory_TarkovDev\Factory_TarkovDev.jsonc
[Info   :DynamicMaps] Loaded MapDef with display name: Factory (TarkovDev)
[Info   :DynamicMaps] Trying to load MapDef from path: H:\SPT\BepInEx\plugins\DynamicMaps\Maps\GroundZero_TarkovDev\GroundZero_TarkovDev.jsonc
[Info   :DynamicMaps] Loaded MapDef with display name: Ground Zero (TarkovDev)
[Info   :DynamicMaps] Trying to load MapDef from path: H:\SPT\BepInEx\plugins\DynamicMaps\Maps\Interchange_TarkovDev\Interchange_TarkovDev.jsonc
[Info   :DynamicMaps] Loaded MapDef with display name: Interchange (TarkovDev)
[Info   :DynamicMaps] Trying to load MapDef from path: H:\SPT\BepInEx\plugins\DynamicMaps\Maps\Labs_TarkovDev\Labs_TarkovDev.jsonc
[Info   :DynamicMaps] Loaded MapDef with display name: Labs (TarkovDev)
[Info   :DynamicMaps] Trying to load MapDef from path: H:\SPT\BepInEx\plugins\DynamicMaps\Maps\Lighthouse_TarkovData\Lighthouse_TarkovData.jsonc
[Info   :DynamicMaps] Loaded MapDef with display name: Lighthouse (TarkovData)
[Info   :DynamicMaps] Trying to load MapDef from path: H:\SPT\BepInEx\plugins\DynamicMaps\Maps\Reserve_TarkovData\Reserve_TarkovData.jsonc
[Info   :DynamicMaps] Loaded MapDef with display name: Reserve (TarkovData)
[Info   :DynamicMaps] Trying to load MapDef from path: H:\SPT\BepInEx\plugins\DynamicMaps\Maps\Shoreline_TarkovData\Shoreline_TarkovData.jsonc
[Info   :DynamicMaps] Loaded MapDef with display name: Shoreline (TarkovData)
[Info   :DynamicMaps] Trying to load MapDef from path: H:\SPT\BepInEx\plugins\DynamicMaps\Maps\Streets_TarkovData\Streets_TarkovData.jsonc
[Info   :DynamicMaps] Loaded MapDef with display name: Streets of Tarkov (TarkovData)
[Info   :DynamicMaps] Trying to load MapDef from path: H:\SPT\BepInEx\plugins\DynamicMaps\Maps\Woods_TarkovData\Woods_TarkovData.jsonc
[Info   :DynamicMaps] Loaded MapDef with display name: Woods (TarkovData)
[Info   :DynamicMaps] Precaching sprite: Maps/Customs_TarkovDev/Layers/customs_level_-1.png
[Info   :DynamicMaps] Precaching sprite: Maps/Customs_TarkovDev/Layers/customs_level_0.png
[Info   :DynamicMaps] Precaching sprite: Maps/Customs_TarkovDev/Layers/customs_level_1.png
[Info   :DynamicMaps] Precaching sprite: Maps/Customs_TarkovDev/Layers/customs_level_2.png
[Info   :DynamicMaps] Precaching sprite: Maps/Customs_TarkovDev/Layers/customs_level_3.png
[Info   :DynamicMaps] Precaching sprite: Maps/Factory_TarkovDev/Layers/factory_layer_-1.png
[Info   :DynamicMaps] Precaching sprite: Maps/Factory_TarkovDev/Layers/factory_layer_0.png
[Info   : Fika.Core] Server version check passed. Expected: >2.4.3, received: 2.4.3
[Info   :FikaModHandler] Loaded plugin: [Configuration Manager] with GUID [com.bepis.bepinex.configurationmanager] and crc32 [2453335703]
[Info   :FikaModHandler] Loaded plugin: [SPT.Custom] with GUID [com.SPT.custom] and crc32 [2341657340]
[Info   :FikaModHandler] Loaded plugin: [SPT.Singleplayer] with GUID [com.SPT.singleplayer] and crc32 [3222656848]
[Info   :FikaModHandler] Loaded plugin: [SPT.Core] with GUID [com.SPT.core] and crc32 [373127136]
[Info   :FikaModHandler] Loaded plugin: [SPT.Debugging] with GUID [com.SPT.debugging] and crc32 [2220347755]
[Info   :FikaModHandler] Loaded plugin: [Fika.Core] with GUID [com.fika.core] and crc32 [3402428661]
[Info   :FikaModHandler] Loaded plugin: [DynamicMaps] with GUID [com.mpstark.DynamicMaps] and crc32 [3203028780]
[Info   :FikaModHandler] Loaded plugin: [Terkoiz.Skipper] with GUID [com.terkoiz.skipper] and crc32 [2692568092]
[Info   :FikaModHandler] Loaded plugin: [DrakiaXYZ-BigBrain] with GUID [xyz.drakia.bigbrain] and crc32 [3701555121]
[Info   :FikaModHandler] Loaded plugin: [LootingBots] with GUID [me.skwizzy.lootingbots] and crc32 [3628309794]
[Info   :RequestHandler] [REQUEST]: /fika/client/check/mods
[Info   :RequestHandler] [REQUEST SUCCESSFUL] /fika/client/check/mods
[Info   :FikaModHandler] UI Fixes is not loaded, enabling PartyInfoPanel fix
[Info   :ModulePatch] Enabled patch PartyInfoPanel_method_3_Patch
[Info   :DynamicMaps] Precaching sprite: Maps/Factory_TarkovDev/Layers/factory_layer_1.png
[Info   :DynamicMaps] Precaching sprite: Maps/Factory_TarkovDev/Layers/factory_layer_2.png
[Info   :DynamicMaps] Precaching sprite: Maps/GroundZero_TarkovDev/Layers/ground_zero_layer_-1.png
[Info   :DynamicMaps] Precaching sprite: Maps/GroundZero_TarkovDev/Layers/ground_zero_layer_0.png
[Info   :DynamicMaps] Precaching sprite: Maps/GroundZero_TarkovDev/Layers/ground_zero_layer_1.png
[Info   :DynamicMaps] Precaching sprite: Maps/GroundZero_TarkovDev/Layers/ground_zero_layer_2.png
[Info   :DynamicMaps] Precaching sprite: Maps/Interchange_TarkovDev/Layers/interchange_layer_0.png
[Info   :DynamicMaps] Precaching sprite: Maps/Interchange_TarkovDev/Layers/interchange_layer_1.png
[Info   :DynamicMaps] Precaching sprite: Maps/Interchange_TarkovDev/Layers/interchange_layer_2.png
[Info   :DynamicMaps] Precaching sprite: Maps/Labs_TarkovDev/Layers/labs_layer_-1.png
[Info   :DynamicMaps] Precaching sprite: Maps/Labs_TarkovDev/Layers/labs_layer_0.png
[Info   :DynamicMaps] Precaching sprite: Maps/Labs_TarkovDev/Layers/labs_layer_1.png
[Info   :DynamicMaps] Precaching sprite: Maps/Lighthouse_TarkovData/Layers/lighthouse_layer_0.png
[Info   :DynamicMaps] Precaching sprite: Maps/Reserve_TarkovData/Layers/reserve_layer_-1.png
[Info   :DynamicMaps] Precaching sprite: Maps/Reserve_TarkovData/Layers/reserve_layer_0.png
[Info   :DynamicMaps] Precaching sprite: Maps/Shoreline_TarkovData/Layers/shoreline_layer_-1.png
[Info   :DynamicMaps] Precaching sprite: Maps/Shoreline_TarkovData/Layers/shoreline_layer_0.png
[Info   :DynamicMaps] Precaching sprite: Maps/Shoreline_TarkovData/Layers/shoreline_layer_1.png
[Info   :DynamicMaps] Precaching sprite: Maps/Shoreline_TarkovData/Layers/shoreline_layer_2.png
[Info   :DynamicMaps] Precaching sprite: Maps/Streets_TarkovData/Layers/streets_layer_-1.png
[Info   :DynamicMaps] Precaching sprite: Maps/Streets_TarkovData/Layers/streets_layer_0.png
[Info   :DynamicMaps] Precaching sprite: Maps/Streets_TarkovData/Layers/streets_layer_1.png
[Info   :DynamicMaps] Precaching sprite: Maps/Streets_TarkovData/Layers/streets_layer_2.png
[Info   :DynamicMaps] Precaching sprite: Maps/Streets_TarkovData/Layers/streets_layer_3.png
[Info   :DynamicMaps] Precaching sprite: Maps/Streets_TarkovData/Layers/streets_layer_4.png
[Info   :DynamicMaps] Precaching sprite: Maps/Woods_TarkovData/Layers/woods_layer_-1.png
[Info   :DynamicMaps] Precaching sprite: Maps/Woods_TarkovData/Layers/woods_layer_0.png
[Info   :DynamicMaps] Precaching sprite: Maps/Woods_TarkovData/Layers/woods_layer_1.png
[Info   : Fika.Core] Locales are ready!
[Info   : Fika.Core] Cached local IPs: 0.0.0.0, 192.168.1.156, 192.168.153.1, 192.168.27.1, 192.168.208.1
[Info   :LootingBots] Initializing item appraiser
[Info   :RequestHandler] [REQUEST]: /singleplayer/log
[Info   :RequestHandler] [REQUEST SUCCESSFUL] /singleplayer/log
[Info   :RequestHandler] [REQUEST]: /singleplayer/log
[Info   :RequestHandler] [REQUEST SUCCESSFUL] /singleplayer/log
[Info   :RequestHandler] [REQUEST]: /singleplayer/log
[Info   :RequestHandler] [REQUEST SUCCESSFUL] /singleplayer/log
[Info   :RequestHandler] [REQUEST]: /singleplayer/settings/raid/menu
[Info   :RequestHandler] [REQUEST SUCCESSFUL] /singleplayer/settings/raid/menu
[Info   :NetManagerUtils] FikaGameObject has been created!
[Info   :NetManagerUtils] FikaServer has started!
[Info   :Fika.Server] Starting server with SendRate: 20
[Info   :NetManagerUtils] Creating CoopHandler...
[Info   :Fika.Server] Started Fika Server
[Info   :RequestHandler] [REQUEST]: /singleplayer/settings/getRaidTime
[Info   :RequestHandler] [REQUEST SUCCESSFUL] /singleplayer/settings/getRaidTime
[Info   :  CoopGame] Location: Sandbox
[Info   :  CoopGame] Setting spawn point to name: 'East2_3', id: '564c09fb-f464-4c30-b61b-4cc1943808be'
[Info   :NetManagerUtils] Setting up game variables...
[Info   :  CoopGame] Adding debug component...
[Info   :  CoopGame] Local player created
[Info   :  CoopGame] Starting task to wait for host to start the raid.
[Info   :  CoopGame] Generating and initializing weather...
[Info   :  CoopGame] Setting Season to: Spring
[Info   : Fika.Core] Retrieving Core settings
[Info   : Fika.Core] Retrieving data for: marksman, difficulty: easy
[Info   : Fika.Core] Retrieving data for: marksman, difficulty: normal
[Info   : Fika.Core] Retrieving data for: marksman, difficulty: hard
[Info   : Fika.Core] Retrieving data for: marksman, difficulty: impossible
[Info   : Fika.Core] Retrieving data for: assault, difficulty: easy
[Info   : Fika.Core] Retrieving data for: assault, difficulty: normal
[Info   : Fika.Core] Retrieving data for: assault, difficulty: hard
[Info   : Fika.Core] Retrieving data for: assault, difficulty: impossible
[Info   : Fika.Core] Retrieving data for: bossTest, difficulty: easy
[Info   : Fika.Core] Retrieving data for: bossTest, difficulty: normal
[Info   : Fika.Core] Retrieving data for: bossTest, difficulty: hard
[Info   : Fika.Core] Retrieving data for: bossTest, difficulty: impossible
[Info   : Fika.Core] Retrieving data for: bossBully, difficulty: easy
[Info   : Fika.Core] Retrieving data for: bossBully, difficulty: normal
[Info   : Fika.Core] Retrieving data for: bossBully, difficulty: hard
[Info   : Fika.Core] Retrieving data for: bossBully, difficulty: impossible
[Info   : Fika.Core] Retrieving data for: followerTest, difficulty: easy
[Info   : Fika.Core] Retrieving data for: followerTest, difficulty: normal
[Info   : Fika.Core] Retrieving data for: followerTest, difficulty: hard
[Info   : Fika.Core] Retrieving data for: followerTest, difficulty: impossible
[Info   : Fika.Core] Retrieving data for: followerBully, difficulty: easy
[Info   : Fika.Core] Retrieving data for: followerBully, difficulty: normal
[Info   : Fika.Core] Retrieving data for: followerBully, difficulty: hard
[Info   : Fika.Core] Retrieving data for: followerBully, difficulty: impossible
[Info   : Fika.Core] Retrieving data for: bossKilla, difficulty: easy
[Info   : Fika.Core] Retrieving data for: bossKilla, difficulty: normal
[Info   : Fika.Core] Retrieving data for: bossKilla, difficulty: hard
[Info   : Fika.Core] Retrieving data for: bossKilla, difficulty: impossible
[Info   : Fika.Core] Retrieving data for: bossKojaniy, difficulty: easy
[Info   : Fika.Core] Retrieving data for: bossKojaniy, difficulty: normal
[Info   : Fika.Core] Retrieving data for: bossKojaniy, difficulty: hard
[Info   : Fika.Core] Retrieving data for: bossKojaniy, difficulty: impossible
[Info   : Fika.Core] Retrieving data for: followerKojaniy, difficulty: easy
[Info   : Fika.Core] Retrieving data for: followerKojaniy, difficulty: normal
[Info   : Fika.Core] Retrieving data for: followerKojaniy, difficulty: hard
[Info   : Fika.Core] Retrieving data for: followerKojaniy, difficulty: impossible
[Info   : Fika.Core] Retrieving data for: pmcBot, difficulty: easy
[Info   : Fika.Core] Retrieving data for: pmcBot, difficulty: normal
[Info   : Fika.Core] Retrieving data for: pmcBot, difficulty: hard
[Info   : Fika.Core] Retrieving data for: pmcBot, difficulty: impossible
[Info   : Fika.Core] Retrieving data for: cursedAssault, difficulty: easy
[Info   : Fika.Core] Retrieving data for: cursedAssault, difficulty: normal
[Info   : Fika.Core] Retrieving data for: cursedAssault, difficulty: hard
[Info   : Fika.Core] Retrieving data for: cursedAssault, difficulty: impossible
[Info   : Fika.Core] Retrieving data for: bossGluhar, difficulty: easy
[Info   : Fika.Core] Retrieving data for: bossGluhar, difficulty: normal
[Info   : Fika.Core] Retrieving data for: bossGluhar, difficulty: hard
[Info   : Fika.Core] Retrieving data for: bossGluhar, difficulty: impossible
[Info   : Fika.Core] Retrieving data for: followerGluharAssault, difficulty: easy
[Info   : Fika.Core] Retrieving data for: followerGluharAssault, difficulty: normal
[Info   : Fika.Core] Retrieving data for: followerGluharAssault, difficulty: hard
[Info   : Fika.Core] Retrieving data for: followerGluharAssault, difficulty: impossible
[Info   : Fika.Core] Retrieving data for: followerGluharSecurity, difficulty: easy
[Info   : Fika.Core] Retrieving data for: followerGluharSecurity, difficulty: normal
[Info   : Fika.Core] Retrieving data for: followerGluharSecurity, difficulty: hard
[Info   : Fika.Core] Retrieving data for: followerGluharSecurity, difficulty: impossible
[Info   : Fika.Core] Retrieving data for: followerGluharScout, difficulty: easy
[Info   : Fika.Core] Retrieving data for: followerGluharScout, difficulty: normal
[Info   : Fika.Core] Retrieving data for: followerGluharScout, difficulty: hard
[Info   : Fika.Core] Retrieving data for: followerGluharScout, difficulty: impossible
[Info   : Fika.Core] Retrieving data for: followerGluharSnipe, difficulty: easy
[Info   : Fika.Core] Retrieving data for: followerGluharSnipe, difficulty: normal
[Info   : Fika.Core] Retrieving data for: followerGluharSnipe, difficulty: hard
[Info   : Fika.Core] Retrieving data for: followerGluharSnipe, difficulty: impossible
[Info   : Fika.Core] Retrieving data for: followerSanitar, difficulty: easy
[Info   : Fika.Core] Retrieving data for: followerSanitar, difficulty: normal
[Info   : Fika.Core] Retrieving data for: followerSanitar, difficulty: hard
[Info   : Fika.Core] Retrieving data for: followerSanitar, difficulty: impossible
[Info   : Fika.Core] Retrieving data for: bossSanitar, difficulty: easy
[Info   : Fika.Core] Retrieving data for: bossSanitar, difficulty: normal
[Info   : Fika.Core] Retrieving data for: bossSanitar, difficulty: hard
[Info   : Fika.Core] Retrieving data for: bossSanitar, difficulty: impossible
[Info   : Fika.Core] Retrieving data for: test, difficulty: easy
[Info   : Fika.Core] Retrieving data for: test, difficulty: normal
[Info   : Fika.Core] Retrieving data for: test, difficulty: hard
[Info   : Fika.Core] Retrieving data for: test, difficulty: impossible
[Info   : Fika.Core] Retrieving data for: assaultGroup, difficulty: easy
[Info   : Fika.Core] Retrieving data for: assaultGroup, difficulty: normal
[Info   : Fika.Core] Retrieving data for: assaultGroup, difficulty: hard
[Info   : Fika.Core] Retrieving data for: assaultGroup, difficulty: impossible
[Info   : Fika.Core] Retrieving data for: sectantWarrior, difficulty: easy
[Info   : Fika.Core] Retrieving data for: sectantWarrior, difficulty: normal
[Info   : Fika.Core] Retrieving data for: sectantWarrior, difficulty: hard
[Info   : Fika.Core] Retrieving data for: sectantWarrior, difficulty: impossible
[Info   : Fika.Core] Retrieving data for: sectantPriest, difficulty: easy
[Info   : Fika.Core] Retrieving data for: sectantPriest, difficulty: normal
[Info   : Fika.Core] Retrieving data for: sectantPriest, difficulty: hard
[Info   : Fika.Core] Retrieving data for: sectantPriest, difficulty: impossible
[Info   : Fika.Core] Retrieving data for: bossTagilla, difficulty: easy
[Info   : Fika.Core] Retrieving data for: bossTagilla, difficulty: normal
[Info   : Fika.Core] Retrieving data for: bossTagilla, difficulty: hard
[Info   : Fika.Core] Retrieving data for: bossTagilla, difficulty: impossible
[Info   : Fika.Core] Retrieving data for: followerTagilla, difficulty: easy
[Info   : Fika.Core] Retrieving data for: followerTagilla, difficulty: normal
[Info   : Fika.Core] Retrieving data for: followerTagilla, difficulty: hard
[Info   : Fika.Core] Retrieving data for: followerTagilla, difficulty: impossible
[Info   : Fika.Core] Retrieving data for: exUsec, difficulty: easy
[Info   : Fika.Core] Retrieving data for: exUsec, difficulty: normal
[Info   : Fika.Core] Retrieving data for: exUsec, difficulty: hard
[Info   : Fika.Core] Retrieving data for: exUsec, difficulty: impossible
[Info   : Fika.Core] Retrieving data for: gifter, difficulty: easy
[Info   : Fika.Core] Retrieving data for: gifter, difficulty: normal
[Info   : Fika.Core] Retrieving data for: gifter, difficulty: hard
[Info   : Fika.Core] Retrieving data for: gifter, difficulty: impossible
[Info   : Fika.Core] Retrieving data for: bossKnight, difficulty: easy
[Info   : Fika.Core] Retrieving data for: bossKnight, difficulty: normal
[Info   : Fika.Core] Retrieving data for: bossKnight, difficulty: hard
[Info   : Fika.Core] Retrieving data for: bossKnight, difficulty: impossible
[Info   : Fika.Core] Retrieving data for: followerBigPipe, difficulty: easy
[Info   : Fika.Core] Retrieving data for: followerBigPipe, difficulty: normal
[Info   : Fika.Core] Retrieving data for: followerBigPipe, difficulty: hard
[Info   : Fika.Core] Retrieving data for: followerBigPipe, difficulty: impossible
[Info   : Fika.Core] Retrieving data for: followerBirdEye, difficulty: easy
[Info   : Fika.Core] Retrieving data for: followerBirdEye, difficulty: normal
[Info   : Fika.Core] Retrieving data for: followerBirdEye, difficulty: hard
[Info   : Fika.Core] Retrieving data for: followerBirdEye, difficulty: impossible
[Info   : Fika.Core] Retrieving data for: bossZryachiy, difficulty: easy
[Info   : Fika.Core] Retrieving data for: bossZryachiy, difficulty: normal
[Info   : Fika.Core] Retrieving data for: bossZryachiy, difficulty: hard
[Info   : Fika.Core] Retrieving data for: bossZryachiy, difficulty: impossible
[Info   : Fika.Core] Retrieving data for: followerZryachiy, difficulty: easy
[Info   : Fika.Core] Retrieving data for: followerZryachiy, difficulty: normal
[Info   : Fika.Core] Retrieving data for: followerZryachiy, difficulty: hard
[Info   : Fika.Core] Retrieving data for: followerZryachiy, difficulty: impossible
[Info   : Fika.Core] Retrieving data for: bossBoar, difficulty: easy
[Info   : Fika.Core] Retrieving data for: bossBoar, difficulty: normal
[Info   : Fika.Core] Retrieving data for: bossBoar, difficulty: hard
[Info   : Fika.Core] Retrieving data for: bossBoar, difficulty: impossible
[Info   : Fika.Core] Retrieving data for: followerBoar, difficulty: easy
[Info   : Fika.Core] Retrieving data for: followerBoar, difficulty: normal
[Info   : Fika.Core] Retrieving data for: followerBoar, difficulty: hard
[Info   : Fika.Core] Retrieving data for: followerBoar, difficulty: impossible
[Info   : Fika.Core] Retrieving data for: arenaFighter, difficulty: easy
[Info   : Fika.Core] Retrieving data for: arenaFighter, difficulty: normal
[Info   : Fika.Core] Retrieving data for: arenaFighter, difficulty: hard
[Info   : Fika.Core] Retrieving data for: arenaFighter, difficulty: impossible
[Info   : Fika.Core] Retrieving data for: arenaFighterEvent, difficulty: easy
[Info   : Fika.Core] Retrieving data for: arenaFighterEvent, difficulty: normal
[Info   : Fika.Core] Retrieving data for: arenaFighterEvent, difficulty: hard
[Info   : Fika.Core] Retrieving data for: arenaFighterEvent, difficulty: impossible
[Info   : Fika.Core] Retrieving data for: bossBoarSniper, difficulty: easy
[Info   : Fika.Core] Retrieving data for: bossBoarSniper, difficulty: normal
[Info   : Fika.Core] Retrieving data for: bossBoarSniper, difficulty: hard
[Info   : Fika.Core] Retrieving data for: bossBoarSniper, difficulty: impossible
[Info   : Fika.Core] Retrieving data for: crazyAssaultEvent, difficulty: easy
[Info   : Fika.Core] Retrieving data for: crazyAssaultEvent, difficulty: normal
[Info   : Fika.Core] Retrieving data for: crazyAssaultEvent, difficulty: hard
[Info   : Fika.Core] Retrieving data for: crazyAssaultEvent, difficulty: impossible
[Info   : Fika.Core] Retrieving data for: peacefullZryachiyEvent, difficulty: easy
[Info   : Fika.Core] Retrieving data for: peacefullZryachiyEvent, difficulty: normal
[Info   : Fika.Core] Retrieving data for: peacefullZryachiyEvent, difficulty: hard
[Info   : Fika.Core] Retrieving data for: peacefullZryachiyEvent, difficulty: impossible
[Info   : Fika.Core] Retrieving data for: sectactPriestEvent, difficulty: easy
[Info   : Fika.Core] Retrieving data for: sectactPriestEvent, difficulty: normal
[Info   : Fika.Core] Retrieving data for: sectactPriestEvent, difficulty: hard
[Info   : Fika.Core] Retrieving data for: sectactPriestEvent, difficulty: impossible
[Info   : Fika.Core] Retrieving data for: ravangeZryachiyEvent, difficulty: easy
[Info   : Fika.Core] Retrieving data for: ravangeZryachiyEvent, difficulty: normal
[Info   : Fika.Core] Retrieving data for: ravangeZryachiyEvent, difficulty: hard
[Info   : Fika.Core] Retrieving data for: ravangeZryachiyEvent, difficulty: impossible
[Info   : Fika.Core] Retrieving data for: followerBoarClose1, difficulty: easy
[Info   : Fika.Core] Retrieving data for: followerBoarClose1, difficulty: normal
[Info   : Fika.Core] Retrieving data for: followerBoarClose1, difficulty: hard
[Info   : Fika.Core] Retrieving data for: followerBoarClose1, difficulty: impossible
[Info   : Fika.Core] Retrieving data for: followerBoarClose2, difficulty: easy
[Info   : Fika.Core] Retrieving data for: followerBoarClose2, difficulty: normal
[Info   : Fika.Core] Retrieving data for: followerBoarClose2, difficulty: hard
[Info   : Fika.Core] Retrieving data for: followerBoarClose2, difficulty: impossible
[Info   : Fika.Core] Retrieving data for: bossKolontay, difficulty: easy
[Info   : Fika.Core] Retrieving data for: bossKolontay, difficulty: normal
[Info   : Fika.Core] Retrieving data for: bossKolontay, difficulty: hard
[Info   : Fika.Core] Retrieving data for: bossKolontay, difficulty: impossible
[Info   : Fika.Core] Retrieving data for: followerKolontayAssault, difficulty: easy
[Info   : Fika.Core] Retrieving data for: followerKolontayAssault, difficulty: normal
[Info   : Fika.Core] Retrieving data for: followerKolontayAssault, difficulty: hard
[Info   : Fika.Core] Retrieving data for: followerKolontayAssault, difficulty: impossible
[Info   : Fika.Core] Retrieving data for: followerKolontaySecurity, difficulty: easy
[Info   : Fika.Core] Retrieving data for: followerKolontaySecurity, difficulty: normal
[Info   : Fika.Core] Retrieving data for: followerKolontaySecurity, difficulty: hard
[Info   : Fika.Core] Retrieving data for: followerKolontaySecurity, difficulty: impossible
[Info   : Fika.Core] Retrieving data for: shooterBTR, difficulty: easy
[Info   : Fika.Core] Retrieving data for: shooterBTR, difficulty: normal
[Info   : Fika.Core] Retrieving data for: shooterBTR, difficulty: hard
[Info   : Fika.Core] Retrieving data for: shooterBTR, difficulty: impossible
[Info   : Fika.Core] Retrieving data for: bossPartisan, difficulty: easy
[Info   : Fika.Core] Retrieving data for: bossPartisan, difficulty: normal
[Info   : Fika.Core] Retrieving data for: bossPartisan, difficulty: hard
[Info   : Fika.Core] Retrieving data for: bossPartisan, difficulty: impossible
[Info   : Fika.Core] Retrieving data for: spiritWinter, difficulty: easy
[Info   : Fika.Core] Retrieving data for: spiritWinter, difficulty: normal
[Info   : Fika.Core] Retrieving data for: spiritWinter, difficulty: hard
[Info   : Fika.Core] Retrieving data for: spiritWinter, difficulty: impossible
[Info   : Fika.Core] Retrieving data for: spiritSpring, difficulty: easy
[Info   : Fika.Core] Retrieving data for: spiritSpring, difficulty: normal
[Info   : Fika.Core] Retrieving data for: spiritSpring, difficulty: hard
[Info   : Fika.Core] Retrieving data for: spiritSpring, difficulty: impossible
[Info   : Fika.Core] Retrieving data for: peacemaker, difficulty: easy
[Info   : Fika.Core] Retrieving data for: peacemaker, difficulty: normal
[Info   : Fika.Core] Retrieving data for: peacemaker, difficulty: hard
[Info   : Fika.Core] Retrieving data for: peacemaker, difficulty: impossible
[Info   : Fika.Core] Retrieving data for: pmcBEAR, difficulty: easy
[Info   : Fika.Core] Retrieving data for: pmcBEAR, difficulty: normal
[Info   : Fika.Core] Retrieving data for: pmcBEAR, difficulty: hard
[Info   : Fika.Core] Retrieving data for: pmcBEAR, difficulty: impossible
[Info   : Fika.Core] Retrieving data for: pmcUSEC, difficulty: easy
[Info   : Fika.Core] Retrieving data for: pmcUSEC, difficulty: normal
[Info   : Fika.Core] Retrieving data for: pmcUSEC, difficulty: hard
[Info   : Fika.Core] Retrieving data for: pmcUSEC, difficulty: impossible
[Info   : Fika.Core] Retrieving data for: skier, difficulty: easy
[Info   : Fika.Core] Retrieving data for: skier, difficulty: normal
[Info   : Fika.Core] Retrieving data for: skier, difficulty: hard
[Info   : Fika.Core] Retrieving data for: skier, difficulty: impossible
[Info   : Fika.Core] Retrieving data for: sectantPredvestnik, difficulty: easy
[Info   : Fika.Core] Retrieving data for: sectantPredvestnik, difficulty: normal
[Info   : Fika.Core] Retrieving data for: sectantPredvestnik, difficulty: hard
[Info   : Fika.Core] Retrieving data for: sectantPredvestnik, difficulty: impossible
[Info   : Fika.Core] Retrieving data for: sectantPrizrak, difficulty: easy
[Info   : Fika.Core] Retrieving data for: sectantPrizrak, difficulty: normal
[Info   : Fika.Core] Retrieving data for: sectantPrizrak, difficulty: hard
[Info   : Fika.Core] Retrieving data for: sectantPrizrak, difficulty: impossible
[Info   : Fika.Core] Retrieving data for: sectantOni, difficulty: easy
[Info   : Fika.Core] Retrieving data for: sectantOni, difficulty: normal
[Info   : Fika.Core] Retrieving data for: sectantOni, difficulty: hard
[Info   : Fika.Core] Retrieving data for: sectantOni, difficulty: impossible
[Info   : Fika.Core] Retrieving data for: infectedAssault, difficulty: easy
[Info   : Fika.Core] Retrieving data for: infectedAssault, difficulty: normal
[Info   : Fika.Core] Retrieving data for: infectedAssault, difficulty: hard
[Info   : Fika.Core] Retrieving data for: infectedAssault, difficulty: impossible
[Info   : Fika.Core] Retrieving data for: infectedPmc, difficulty: easy
[Info   : Fika.Core] Retrieving data for: infectedPmc, difficulty: normal
[Info   : Fika.Core] Retrieving data for: infectedPmc, difficulty: hard
[Info   : Fika.Core] Retrieving data for: infectedPmc, difficulty: impossible
[Info   : Fika.Core] Retrieving data for: infectedCivil, difficulty: easy
[Info   : Fika.Core] Retrieving data for: infectedCivil, difficulty: normal
[Info   : Fika.Core] Retrieving data for: infectedCivil, difficulty: hard
[Info   : Fika.Core] Retrieving data for: infectedCivil, difficulty: impossible
[Info   : Fika.Core] Retrieving data for: infectedLaborant, difficulty: easy
[Info   : Fika.Core] Retrieving data for: infectedLaborant, difficulty: normal
[Info   : Fika.Core] Retrieving data for: infectedLaborant, difficulty: hard
[Info   : Fika.Core] Retrieving data for: infectedLaborant, difficulty: impossible
[Info   : Fika.Core] Retrieving data for: infectedTagilla, difficulty: easy
[Info   : Fika.Core] Retrieving data for: infectedTagilla, difficulty: normal
[Info   : Fika.Core] Retrieving data for: infectedTagilla, difficulty: hard
[Info   : Fika.Core] Retrieving data for: infectedTagilla, difficulty: impossible
[Info   :RequestHandler] [REQUEST]: /singleplayer/settings/bot/maxCap/Sandbox_high
[Info   :RequestHandler] [REQUEST SUCCESSFUL] /singleplayer/settings/bot/maxCap/Sandbox_high
[Info   :ModulePatch] Set max bot cap for: Sandbox_high from: 36 to: 14
[Info   :  CoopGame] All players are loaded, continuing...
[Info   :  CoopGame] Running old spawn system. Waves: 5
[Info   :RequestHandler] [REQUEST]: /singleplayer/scav/traitorscavhostile
[Info   :RequestHandler] [REQUEST SUCCESSFUL] /singleplayer/scav/traitorscavhostile
[Info   :  CoopGame] Running new spawn system.
[Warning: Fika.Core] FreeCameraController::Awake: Failed to cache BattleUI
[Info   :  CoopGame] MatchingType: GroupLeader, Raid Code: QPM0EJ
[Error  :  CoopGame] SyncTransitControllers: TransitController was null!
[Info   :DynamicMaps] Trying to attach peek component to BattleUI
[Info   :  CoopGame] SpawnPoint: 564c09fb-f464-4c30-b61b-4cc1943808be, InfiltrationPoint: east
[Info   :RequestHandler] [REQUEST]: /singleplayer/settings/bot/getBotBehaviours/
[Info   :RequestHandler] [REQUEST SUCCESSFUL] /singleplayer/settings/bot/getBotBehaviours/
[Warning:ModulePatch] Cached ai brain weights in client
[Warning:ModulePatch] Updated assault bot Харитон Трудовик to use: assault brain
[Warning:ModulePatch] Updated player scav bot to use: pmcBot brain
[Warning:ModulePatch] Updated assault bot Деня Темный to use: assault brain
[Warning:ModulePatch] Updated assault bot Мишаня Харон to use: assault brain
[Warning:ModulePatch] Updated assault bot Эдуард Блатной to use: assault brain
[Warning:ModulePatch] Updated assault bot Леня Хромой to use: assault brain
[Warning:ModulePatch] Updated assault bot Колян Рубинштейн to use: assault brain
[Warning:ModulePatch] Updated assault bot Яков Гук to use: assault brain
[Warning:ModulePatch] Updated assault bot Парфений Дракон to use: assault brain
[Warning:ModulePatch] Updated player scav bot to use: assault brain
[Warning:ModulePatch] Updated spt bot Props: pmcUSEC to use: pmcBot brain
[Warning:ModulePatch] Updated spt bot Aethas: pmcBEAR to use: pmcBot brain
[Warning:ModulePatch] Updated spt bot hughz001: pmcUSEC to use: pmcBot brain
[Warning:ModulePatch] Updated spt bot Hicchy: pmcBEAR to use: pmcBot brain
[Info   :DynamicMaps] MapScreen: Loading map Ground Zero (TarkovDev)
[Warning:ModulePatch] Updated assault bot Толян Щупач to use: assault brain
[Warning:ModulePatch] Updated assault bot Ромчик Шукупиш to use: assault brain
[Info   :CoopHandler] F8 pressed, attempting to extract!
[Info   :Fika.Server] ..:: Fika Server Session Statistics ::..
[Info   :Fika.Server] Sent packets: 0
[Info   :Fika.Server] Sent data: 0 B
[Info   :Fika.Server] Received packets: 0
[Info   :Fika.Server] Received data: 0 B
[Info   :Fika.Server] Packet loss: 0%
[Info   :NetManagerUtils] Destroyed FikaServer
[Info   :RequestHandler] [REQUEST]: /raid/profile/scavsave
[Info   :RequestHandler] [REQUEST SUCCESSFUL] /raid/profile/scavsave
